<?xml version="1.0" encoding="UTF-8"?>
<!-- Generated by org.testng.reporters.JUnitReportReporter -->
<testsuite hostname="DESKTOP-VHKMTP3" failures="0" tests="2" name="com.sgtesting.actitime.testsuite.DriverScript" time="87.279" errors="0" timestamp="2024-01-12T19:41:11 IST" skipped="0">
  <testcase classname="com.sgtesting.actitime.testsuite.DriverScript" name="feature" time="28.059"/>
  <system-out/>
  <testcase classname="com.sgtesting.actitime.testsuite.DriverScript" name="feature" time="59.220"/>
  <system-out/>
</testsuite> <!-- com.sgtesting.actitime.testsuite.DriverScript -->
